#
# A fatal error has been detected by the Java Runtime Environment:
#
#  EXCEPTION_ACCESS_VIOLATION (0xc0000005) at pc=0x00007ffb5dfba527, pid=55492, tid=90712
#
# JRE version: OpenJDK Runtime Environment (23.0.1+11) (build 23.0.1+11-39)
# Java VM: OpenJDK 64-Bit Server VM (23.0.1+11-39, mixed mode, sharing, tiered, compressed oops, compressed class ptrs, g1 gc, windows-amd64)
# Problematic frame:
# C  [igxelpicd64.dll+0x1a527]
#
# No core dump will be written. Minidumps are not enabled by default on client versions of Windows
#
# If you would like to submit a bug report, please visit:
#   https://bugreport.java.com/bugreport/crash.jsp
# The crash happened outside the Java Virtual Machine in native code.
# See problematic frame for where to report the bug.
#

---------------  S U M M A R Y ------------

Command Line: -javaagent:C:\Program Files\JetBrains\IntelliJ IDEA 2024.3.1.1\lib\idea_rt.jar=54315:C:\Program Files\JetBrains\IntelliJ IDEA 2024.3.1.1\bin -Dfile.encoding=UTF-8 -Dsun.stdout.encoding=UTF-8 -Dsun.stderr.encoding=UTF-8 Main

Host: 11th Gen Intel(R) Core(TM) i3-1125G4 @ 2.00GHz, 8 cores, 7G,  Windows 11 , 64 bit Build 22621 (10.0.22621.4391)
Time: Thu Jan  2 16:50:19 2025  Windows 11 , 64 bit Build 22621 (10.0.22621.4391) elapsed time: 329.539196 seconds (0d 0h 5m 29s)

---------------  T H R E A D  ---------------

Current thread (0x00000185635e3430):  JavaThread "main"             [_thread_in_native, id=90712, stack(0x0000007ff3f00000,0x0000007ff4000000) (1024K)]

Stack: [0x0000007ff3f00000,0x0000007ff4000000],  sp=0x0000007ff3ffec38,  free space=1019k
Native frames: (J=compiled Java code, j=interpreted, Vv=VM code, C=native code)
C  [igxelpicd64.dll+0x1a527]  (no source info available)

Java frames: (J=compiled Java code, j=interpreted, Vv=VM code)
J 941  org.jsfml.graphics.RenderWindow.nativeClear(I)V (0 bytes) @ 0x0000018575ad53e3 [0x0000018575ad53a0+0x0000000000000043]
J 1062% c2 Main.main([Ljava/lang/String;)V (693 bytes) @ 0x0000018575adf3c8 [0x0000018575adf320+0x00000000000000a8]
v  ~StubRoutines::call_stub 0x0000018575500fcd

siginfo: EXCEPTION_ACCESS_VIOLATION (0xc0000005), reading address 0x0000000000000020


Registers:
RAX=0x0000000000000000, RBX=0x00000185486a1500, RCX=0x00000185486a1500, RDX=0x000001854ec70920
RSP=0x0000007ff3ffec38, RBP=0x000001854ec70920, RSI=0x0000007ff3ffef20, RDI=0x00000185486a1618
R8 =0x0000000000000012, R9 =0x000001854ebcedb0, R10=0x000001854ebcf4b0, R11=0x0000000000000000
R12=0x000000000000001f, R13=0x00000185486a1500, R14=0x000001854ebcee08, R15=0x000001854ec70ad8
RIP=0x00007ffb5dfba527, EFLAGS=0x0000000000010246


Register to memory mapping:

RAX=0x0 is null
RBX=0x00000185486a1500 points into unknown readable memory: 0x00000185481361c0 | c0 61 13 48 85 01 00 00
RCX=0x00000185486a1500 points into unknown readable memory: 0x00000185481361c0 | c0 61 13 48 85 01 00 00
RDX=0x000001854ec70920 points into unknown readable memory: 0x000001854ea83800 | 00 38 a8 4e 85 01 00 00
RSP=0x0000007ff3ffec38 is pointing into the stack for thread: 0x00000185635e3430
RBP=0x000001854ec70920 points into unknown readable memory: 0x000001854ea83800 | 00 38 a8 4e 85 01 00 00
RSI=0x0000007ff3ffef20 is pointing into the stack for thread: 0x00000185635e3430
RDI=0x00000185486a1618 points into unknown readable memory: 0x0000000000000000 | 00 00 00 00 00 00 00 00
R8 =0x0000000000000012 is an unknown value
R9 =0x000001854ebcedb0 points into unknown readable memory: 0x000001854ebcea40 | 40 ea bc 4e 85 01 00 00
R10=0x000001854ebcf4b0 points into unknown readable memory: 0x000001854ebcea40 | 40 ea bc 4e 85 01 00 00
R11=0x0 is null
R12=0x000000000000001f is an unknown value
R13=0x00000185486a1500 points into unknown readable memory: 0x00000185481361c0 | c0 61 13 48 85 01 00 00
R14=0x000001854ebcee08 points into unknown readable memory: 0x0000000000040000 | 00 00 04 00 00 00 00 00
R15=0x000001854ec70ad8 points into unknown readable memory: 0x000000000000001f | 1f 00 00 00 00 00 00 00

Top of Stack: (sp=0x0000007ff3ffec38)
0x0000007ff3ffec38:   00007ffb5e125904 0000000000000101
0x0000007ff3ffec48:   00000185635b0150 0000000000000101
0x0000007ff3ffec58:   0000000000000101 0000000000000101
0x0000007ff3ffec68:   00007ffc6d2f472a 00000185635b3050
0x0000007ff3ffec78:   00000185516e0000 0000000000000000
0x0000007ff3ffec88:   0000007ff3ffeda0 000001854ec70920
0x0000007ff3ffec98:   00007ffb5e11c9c0 0000000000000101
0x0000007ff3ffeca8:   00007ffc6d2f48e2 0000007ff3ffef20
0x0000007ff3ffecb8:   00000185486a0e88 0000007ff3ffef20
0x0000007ff3ffecc8:   0000000000000000 000001854805c970
0x0000007ff3ffecd8:   0000000000000101 00000185486a0d70
0x0000007ff3ffece8:   0000000000000000 0000800400014000
0x0000007ff3ffecf8:   0000018659d80000 0000007ff3ffeeb0
0x0000007ff3ffed08:   0000000000000001 0000000000000000
0x0000007ff3ffed18:   00007ffb5dfba18f 000001854eb98f80
0x0000007ff3ffed28:   0000007ff3ffed01 00000185486a0d70
0x0000007ff3ffed38:   00000185516e0000 0000018500000001
0x0000007ff3ffed48:   0000018500000000 0000000000000000
0x0000007ff3ffed58:   2000041c00000000 000001854ebcf770
0x0000007ff3ffed68:   0000000000000000 0000007ff3ffeeb0
0x0000007ff3ffed78:   00007ffb5e16842b 000001854eb98f80
0x0000007ff3ffed88:   0000007ff3ffee50 000000000001ee0c
0x0000007ff3ffed98:   000001854f5ad670 0000000000000000
0x0000007ff3ffeda8:   0000018500000000 2000041c00000060
0x0000007ff3ffedb8:   0000007f0001ee14 0000007ff3ffeeb0
0x0000007ff3ffedc8:   00007ffb5dfb9fde 000001854eb98f80
0x0000007ff3ffedd8:   0000000000000000 00000000000003ff
0x0000007ff3ffede8:   0000000000004201 0000000000000060
0x0000007ff3ffedf8:   00007ffc6d2f6816 0000000000000001
0x0000007ff3ffee08:   000001854ee85d01 000001854f000101
0x0000007ff3ffee18:   0000000000010901 00000001635b0000
0x0000007ff3ffee28:   000001854ef233a0 00000000000003ff 

Instructions: (pc=0x00007ffb5dfba527)
0x00007ffb5dfba427:   eb d3 48 8b b5 b8 01 00 00 83 ff 10 73 0a 48 8d
0x00007ffb5dfba437:   0c ff 48 8d 04 cb eb 5b 8d 47 f0 c1 e8 04 83 f8
0x00007ffb5dfba447:   03 73 20 0f ae e8 48 8b 94 c3 80 04 00 00 48 85
0x00007ffb5dfba457:   d2 74 2a 8d 47 f0 83 e0 0f 48 8d 04 c0 48 8d 04
0x00007ffb5dfba467:   c2 eb 30 48 8b 83 98 04 00 00 eb 0c 39 38 0f 84
0x00007ffb5dfba477:   83 00 00 00 48 8b 40 50 48 85 c0 75 ef 44 38 b3
0x00007ffb5dfba487:   a0 04 00 00 74 12 8b c7 83 e0 0f 48 8d 04 c0 48
0x00007ffb5dfba497:   8d 04 c3 48 85 c0 75 19 8b d7 48 8b cb e8 13 5d
0x00007ffb5dfba4a7:   c0 00 48 85 c0 75 0a 8b d7 48 8b cb e8 dc 5e c0
0x00007ffb5dfba4b7:   00 48 3b 30 72 03 48 89 30 45 89 77 18 8b 8c 24
0x00007ffb5dfba4c7:   90 00 00 00 8b 84 24 98 00 00 00 49 03 cd 48 c1
0x00007ffb5dfba4d7:   e1 10 48 c1 f9 10 4a 89 0c 20 48 8b 5c 24 60 48
0x00007ffb5dfba4e7:   8b 6c 24 68 48 8b 74 24 70 48 83 c4 30 41 5f 41
0x00007ffb5dfba4f7:   5e 41 5d 41 5c 5f c3 48 83 c0 08 eb 96 cc cc cc
0x00007ffb5dfba507:   cc cc cc cc cc cc cc cc cc 48 8b 05 09 73 06 01
0x00007ffb5dfba517:   83 b8 00 07 00 00 00 74 03 32 c0 c3 48 8b 41 08
0x00007ffb5dfba527:   8b 40 20 c1 e8 03 24 01 c3 44 89 44 24 18 53 55
0x00007ffb5dfba537:   56 57 41 54 41 55 41 56 41 57 48 83 ec 58 45 8b
0x00007ffb5dfba547:   d8 48 8b f2 4c 8b 89 50 a3 00 00 33 db 48 89 9a
0x00007ffb5dfba557:   a0 cf 02 00 89 9a 98 cf 02 00 38 9a 78 b8 02 00
0x00007ffb5dfba567:   75 0e b9 98 b8 02 00 48 89 1c 11 e9 6c 0c 00 00
0x00007ffb5dfba577:   48 8b 82 90 b8 02 00 48 8b 48 50 48 8b 41 30 4c
0x00007ffb5dfba587:   8b a8 d8 00 00 00 88 9c 24 a0 00 00 00 8b 90 d0
0x00007ffb5dfba597:   00 00 00 89 9c 24 a8 00 00 00 48 8b ae b8 cf 02
0x00007ffb5dfba5a7:   00 48 89 ac 24 b8 00 00 00 48 85 ed 74 4b 48 8b
0x00007ffb5dfba5b7:   4d 40 e8 02 08 1b 00 4c 8b e8 89 9c 24 a8 00 00
0x00007ffb5dfba5c7:   00 38 5d 01 74 23 c6 84 24 a0 00 00 00 01 ba 00
0x00007ffb5dfba5d7:   00 00 40 48 8b 4d 60 48 89 8e a0 cf 02 00 8b 4d
0x00007ffb5dfba5e7:   4c 89 8e 98 cf 02 00 eb 10 8b 51 2c 8b 45 4c 2b
0x00007ffb5dfba5f7:   45 54 89 84 24 a8 00 00 00 4d 8d a1 c0 04 00 00
0x00007ffb5dfba607:   4c 89 64 24 30 41 89 54 24 10 4d 85 ed 0f 84 bf
0x00007ffb5dfba617:   0a 00 00 4c 8b be d0 5a 03 00 41 38 9d 20 06 00 


Stack slot to memory mapping:

stack at sp + 0 slots: 0x00007ffb5e125904 igxelpicd64.dll
stack at sp + 1 slots: 0x0000000000000101 is an unknown value
stack at sp + 2 slots: 0x00000185635b0150 points into unknown readable memory: 0x000001854eed4060 | 60 40 ed 4e 85 01 00 00
stack at sp + 3 slots: 0x0000000000000101 is an unknown value
stack at sp + 4 slots: 0x0000000000000101 is an unknown value
stack at sp + 5 slots: 0x0000000000000101 is an unknown value
stack at sp + 6 slots: 0x00007ffc6d2f472a ntdll.dll
stack at sp + 7 slots: 0x00000185635b3050 points into unknown readable memory: 0x0000000000000000 | 00 00 00 00 00 00 00 00

Lock stack of current Java thread (top to bottom):


Compiled method (n/a) 329776  941     n 0       org.jsfml.graphics.RenderWindow::nativeClear (native)
 total in heap  [0x0000018575ad5288,0x0000018575ad55a8] = 800
 relocation     [0x0000018575ad5360,0x0000018575ad5390] = 48
 main code      [0x0000018575ad53a0,0x0000018575ad559e] = 510
 stub code      [0x0000018575ad559e,0x0000018575ad55a0] = 2
 oops           [0x0000018575ad55a0,0x0000018575ad55a8] = 8

[Constant Pool (empty)]

[MachCode]
[Entry Point]
  # {method} {0x000001854442cc90} 'nativeClear' '(I)V' in 'org/jsfml/graphics/RenderWindow'
  # this:     rdx:rdx   = 'org/jsfml/graphics/RenderWindow'
  # parm0:    r8        = int
  #           [sp+0x70]  (sp of caller)
  0x0000018575ad53a0: 6690 448b | 5208 443b 

  0x0000018575ad53a8: ;   {runtime_call ic_miss_stub}
  0x0000018575ad53a8: 5008 0f85 | 3093 a7ff 
[Verified Entry Point]
  0x0000018575ad53b0: 8984 2400 | 80ff ff55 | 488b ec48 | 83ec 6090 | 4181 7f20 | 0100 0000 

  0x0000018575ad53c8: ;   {runtime_call StubRoutines (final stubs)}
  0x0000018575ad53c8: 7405 e891 | 4fa6 ff48 | 8954 2420 | 4883 fa00 | 488d 5424 | 2048 0f44 | 5424 20c5 

  0x0000018575ad53e4: ;   {internal_word}
  0x0000018575ad53e4: f877 49ba | e353 ad75 | 8501 0000 | 4d89 97a8 | 0300 0049 | 89a7 a003 

  0x0000018575ad53fc: ;   {external_word}
  0x0000018575ad53fc: 0000 49ba | 41ad f816 | fc7f 0000 | 4180 3a00 | 0f84 4a00 | 0000 5241 

  0x0000018575ad5414: ;   {metadata({method} {0x000001854442cc90} 'nativeClear' '(I)V' in 'org/jsfml/graphics/RenderWindow')}
  0x0000018575ad5414: 5048 ba88 | cc42 4485 | 0100 0049 | 8bcf 4883 | ec20 40f6 | c40f 0f84 | 1900 0000 | 4883 ec08 
  0x0000018575ad5434: ;   {runtime_call}
  0x0000018575ad5434: 48b8 10ee | a816 fc7f | 0000 ffd0 | 4883 c408 | e90c 0000 

  0x0000018575ad5448: ;   {runtime_call}
  0x0000018575ad5448: 0048 b810 | eea8 16fc | 7f00 00ff | d048 83c4 | 2041 585a | 498d 8fc0 | 0300 0041 | c787 4404 
  0x0000018575ad5468: 0000 0400 

  0x0000018575ad546c: ;   {runtime_call}
  0x0000018575ad546c: 0000 48b8 | c055 4832 | fc7f 0000 | ffd0 c5f8 | 7741 c787 | 4404 0000 | 0500 0000 | f083 4424 
  0x0000018575ad548c: c000 493b | af48 0400 | 000f 870e | 0000 0041 | 83bf 4004 | 0000 000f | 8423 0000 | 00c5 f877 
  0x0000018575ad54ac: 498b cf4c | 8be4 4883 | ec20 4883 

  0x0000018575ad54b8: ;   {runtime_call}
  0x0000018575ad54b8: e4f0 48b8 | 90a9 7216 | fc7f 0000 | ffd0 498b | e44d 33e4 | 41c7 8744 | 0400 0008 | 0000 0041 
  0x0000018575ad54d8: 83bf c804 | 0000 020f | 8494 0000 

  0x0000018575ad54e4: ;   {external_word}
  0x0000018575ad54e4: 0049 ba41 | adf8 16fc | 7f00 0041 | 803a 000f | 8444 0000 

  0x0000018575ad54f8: ;   {metadata({method} {0x000001854442cc90} 'nativeClear' '(I)V' in 'org/jsfml/graphics/RenderWindow')}
  0x0000018575ad54f8: 0048 ba88 | cc42 4485 | 0100 0049 | 8bcf 4883 | ec20 40f6 | c40f 0f84 | 1900 0000 | 4883 ec08 
  0x0000018575ad5518: ;   {runtime_call}
  0x0000018575ad5518: 48b8 10ee | a816 fc7f | 0000 ffd0 | 4883 c408 | e90c 0000 

  0x0000018575ad552c: ;   {runtime_call}
  0x0000018575ad552c: 0048 b810 | eea8 16fc | 7f00 00ff | d048 83c4 | 2049 c787 | a003 0000 | 0000 0000 | 49c7 87a8 
  0x0000018575ad554c: 0300 0000 | 0000 00c5 | f877 498b | 8f30 0400 | 00c7 8100 | 0100 0000 | 0000 00c9 | 4983 7f08 
  0x0000018575ad556c: 000f 8501 | 0000 00c3 

  0x0000018575ad5574: ;   {runtime_call StubRoutines (initial stubs)}
  0x0000018575ad5574: e947 b9a2 | ffc5 f877 | 4c8b e448 | 83ec 2048 

  0x0000018575ad5584: ;   {runtime_call}
  0x0000018575ad5584: 83e4 f048 | b8c0 22a9 | 16fc 7f00 | 00ff d049 | 8be4 4d33 | e4e9 47ff | ffff f4f4 
[/MachCode]


Compiled method (c2) 329782 1062 % !   4       Main::main @ 673 (693 bytes)
 total in heap  [0x0000018575adf208,0x0000018575adf4b0] = 680
 relocation     [0x0000018575adf2e0,0x0000018575adf320] = 64
 main code      [0x0000018575adf320,0x0000018575adf448] = 296
 stub code      [0x0000018575adf448,0x0000018575adf480] = 56
 oops           [0x0000018575adf480,0x0000018575adf488] = 8
 metadata       [0x0000018575adf488,0x0000018575adf4b0] = 40
 immutable data [0x00000185028e5730,0x00000185028e58c0] = 400
 dependencies   [0x00000185028e5730,0x00000185028e5748] = 24
 nul chk table  [0x00000185028e5748,0x00000185028e5758] = 16
 handler table  [0x00000185028e5758,0x00000185028e5788] = 48
 scopes pcs     [0x00000185028e5788,0x00000185028e5808] = 128
 scopes data    [0x00000185028e5808,0x00000185028e58c0] = 184

[Constant Pool (empty)]

[MachCode]
[Verified Entry Point]
  # {method} {0x000001854440a440} 'main' '([Ljava/lang/String;)V' in 'Main'
  0x0000018575adf320: cc66 6666 | 0f1f 8400 | 0000 0000 | 6666 6690 | 8984 2400 | 80ff ff55 | 4883 ec30 | 4181 7f20 
  0x0000018575adf340: 0100 0000 | 0f85 f200 | 0000 488b | 2a48 8bca | 49ba 302d | 6e16 fc7f | 0000 41ff 

  0x0000018575adf35c: ;   {other}
  0x0000018575adf35c: d20f 1f84 | 0000 0000 | 0044 8b55 

  0x0000018575adf368: ;   {metadata('org/jsfml/graphics/RenderWindow')}
  0x0000018575adf368: 0841 81fa | 38cb 0001 | 0f85 8e00 | 0000 eb62 | 0f1f 8400 | 0000 0000 

  0x0000018575adf380: ;   {oop(a 'org/jsfml/graphics/Color'{0x000000008d083ca8})}
  0x0000018575adf380: 49ba a83c | 088d 0000 | 0000 458b 

  0x0000018575adf38c: ;   {oop(a 'org/jsfml/graphics/Color'{0x000000008d083ca8})}
  0x0000018575adf38c: 5210 49bb | a83c 088d | 0000 0000 | 458b 4318 | 458b 4b14 | 41c1 e208 | 41c1 e110 | 41c1 e018 
  0x0000018575adf3ac: 450b c145 

  0x0000018575adf3b0: ;   {oop(a 'org/jsfml/graphics/Color'{0x000000008d083ca8})}
  0x0000018575adf3b0: 0bc2 49ba | a83c 088d | 0000 0000 | 450b 420c 

  0x0000018575adf3c0: ;   {optimized virtual_call}
  0x0000018575adf3c0: 488b d5e8 

  0x0000018575adf3c4: ; ImmutableOopMap {rbp=Oop }
                      ;*invokespecial nativeClear {reexecute=0 rethrow=0 return_oop=0}
                      ; - org.jsfml.graphics.RenderWindow::clear@5
                      ; - Main::main@686 (line 88)
  0x0000018575adf3c4: e85f ffff 

  0x0000018575adf3c8: ;   {other}
  0x0000018575adf3c8: 0f1f 8400 | c001 0000 | 4d8b 9750 

  0x0000018575adf3d4: ; ImmutableOopMap {rbp=Oop }
                      ;*goto {reexecute=1 rethrow=0 return_oop=0}
                      ; - (reexecute) Main::main@689 (line 88)
                      ;   {poll}
  0x0000018575adf3d4: 0400 0041 | 8502 488b 

  0x0000018575adf3dc: ;   {optimized virtual_call}
  0x0000018575adf3dc: d566 90e8 

  0x0000018575adf3e0: ; ImmutableOopMap {rbp=Oop }
                      ;*invokevirtual isOpen {reexecute=0 rethrow=0 return_oop=0}
                      ; - Main::main@675 (line 87)
  0x0000018575adf3e0: 4c5c ffff 

  0x0000018575adf3e4: ;   {other}
  0x0000018575adf3e4: 0f1f 8400 | dc01 0002 | 85c0 7590 | ba45 ffff 

  0x0000018575adf3f4: ;   {runtime_call UncommonTrapBlob}
  0x0000018575adf3f4: ff8b e8e8 

  0x0000018575adf3f8: ; ImmutableOopMap {}
                      ;*ifeq {reexecute=1 rethrow=0 return_oop=0}
                      ; - (reexecute) Main::main@678 (line 87)
  0x0000018575adf3f8: e484 a7ff 

  0x0000018575adf3fc: ;   {other}
  0x0000018575adf3fc: 0f1f 8400 | f401 0003 | ba8d ffff 

  0x0000018575adf408: ;   {runtime_call UncommonTrapBlob}
  0x0000018575adf408: ff66 90e8 

  0x0000018575adf40c: ; ImmutableOopMap {rbp=Oop }
                      ;*aload {reexecute=0 rethrow=0 return_oop=0}
                      ; - Main::main@673 (line 87)
  0x0000018575adf40c: d084 a7ff 

  0x0000018575adf410: ;   {other}
  0x0000018575adf410: 0f1f 8400 | 0802 0004 | 488b d0eb | 0348 8bd0 | 4883 c430 

  0x0000018575adf424: ;   {runtime_call _rethrow_Java}
  0x0000018575adf424: 5de9 b63e | b5ff ba76 

  0x0000018575adf42c: ;   {runtime_call UncommonTrapBlob}
  0x0000018575adf42c: ffff ffe8 

  0x0000018575adf430: ; ImmutableOopMap {}
                      ;*aload {reexecute=0 rethrow=0 return_oop=0}
                      ; - Main::main@673 (line 87)
  0x0000018575adf430: ac84 a7ff 

  0x0000018575adf434: ;   {other}
  0x0000018575adf434: 0f1f 8400 | 2c02 0005 

  0x0000018575adf43c: ;   {runtime_call StubRoutines (final stubs)}
  0x0000018575adf43c: e81f afa5 | ffe9 04ff | ffff f4f4 
[Stub Code]
  0x0000018575adf448: ;   {no_reloc}
  0x0000018575adf448: 48bb 0000 | 0000 0000 

  0x0000018575adf450: ;   {runtime_call nmethod}
  0x0000018575adf450: 0000 e9fb 

  0x0000018575adf454: ;   {static_stub}
  0x0000018575adf454: ffff ff48 | bb00 0000 | 0000 0000 

  0x0000018575adf460: ;   {runtime_call nmethod}
  0x0000018575adf460: 00e9 fbff 

  0x0000018575adf464: ;   {runtime_call ExceptionBlob}
  0x0000018575adf464: ffff e9f5 | acb4 ffe8 | 0000 0000 | 4883 2c24 

  0x0000018575adf474: ;   {runtime_call DeoptimizationBlob}
  0x0000018575adf474: 05e9 8687 | a7ff f4f4 | f4f4 f4f4 
[/MachCode]


---------------  P R O C E S S  ---------------

Threads class SMR info:
_java_thread_list=0x000001854eac2160, length=17, elements={
0x00000185635e3430, 0x00000185024d01c0, 0x00000185024d1e80, 0x00000185024d3310,
0x00000185024d3e60, 0x00000185024d4ae0, 0x00000185024d5630, 0x00000185024e4b10,
0x00000185025085f0, 0x0000018502630b10, 0x0000018502754dd0, 0x0000018502755440,
0x000001854f357cd0, 0x000001854efa55f0, 0x000001854f231210, 0x000001854ef987c0,
0x000001854f165660
}

Java Threads: ( => current thread )
=>0x00000185635e3430 JavaThread "main"                              [_thread_in_native, id=90712, stack(0x0000007ff3f00000,0x0000007ff4000000) (1024K)]
  0x00000185024d01c0 JavaThread "Reference Handler"          daemon [_thread_blocked, id=92272, stack(0x0000007ff4700000,0x0000007ff4800000) (1024K)]
  0x00000185024d1e80 JavaThread "Finalizer"                  daemon [_thread_blocked, id=95644, stack(0x0000007ff4800000,0x0000007ff4900000) (1024K)]
  0x00000185024d3310 JavaThread "Signal Dispatcher"          daemon [_thread_blocked, id=64480, stack(0x0000007ff4900000,0x0000007ff4a00000) (1024K)]
  0x00000185024d3e60 JavaThread "Attach Listener"            daemon [_thread_blocked, id=33084, stack(0x0000007ff4a00000,0x0000007ff4b00000) (1024K)]
  0x00000185024d4ae0 JavaThread "Service Thread"             daemon [_thread_blocked, id=94324, stack(0x0000007ff4b00000,0x0000007ff4c00000) (1024K)]
  0x00000185024d5630 JavaThread "Monitor Deflation Thread"   daemon [_thread_blocked, id=93688, stack(0x0000007ff4c00000,0x0000007ff4d00000) (1024K)]
  0x00000185024e4b10 JavaThread "C2 CompilerThread0"         daemon [_thread_blocked, id=3264, stack(0x0000007ff4d00000,0x0000007ff4e00000) (1024K)]
  0x00000185025085f0 JavaThread "C1 CompilerThread0"         daemon [_thread_blocked, id=92708, stack(0x0000007ff4e00000,0x0000007ff4f00000) (1024K)]
  0x0000018502630b10 JavaThread "Common-Cleaner"             daemon [_thread_blocked, id=93132, stack(0x0000007ff4f00000,0x0000007ff5000000) (1024K)]
  0x0000018502754dd0 JavaThread "Monitor Ctrl-Break"         daemon [_thread_in_native, id=89476, stack(0x0000007ff5000000,0x0000007ff5100000) (1024K)]
  0x0000018502755440 JavaThread "Notification Thread"        daemon [_thread_blocked, id=31292, stack(0x0000007ff5100000,0x0000007ff5200000) (1024K)]
  0x000001854f357cd0 JavaThread "RMI TCP Accept-0"           daemon [_thread_in_native, id=94536, stack(0x0000007ff5d00000,0x0000007ff5e00000) (1024K)]
  0x000001854efa55f0 JavaThread "RMI TCP Connection(3)-192.168.0.2" daemon [_thread_in_native, id=95012, stack(0x0000007ff5e00000,0x0000007ff5f00000) (1024K)]
  0x000001854f231210 JavaThread "RMI Scheduler(0)"           daemon [_thread_blocked, id=92552, stack(0x0000007ff5f00000,0x0000007ff6000000) (1024K)]
  0x000001854ef987c0 JavaThread "JMX server connection timeout 26" daemon [_thread_blocked, id=95656, stack(0x0000007ff6000000,0x0000007ff6100000) (1024K)]
  0x000001854f165660 JavaThread "RMI TCP Connection(idle)"   daemon [_thread_blocked, id=92188, stack(0x0000007ff3c00000,0x0000007ff3d00000) (1024K)]
Total: 17

Other Threads:
  0x00000185024b3690 VMThread "VM Thread"                           [id=88656, stack(0x0000007ff4600000,0x0000007ff4700000) (1024K)]
  0x00000185024a1120 WatcherThread "VM Periodic Task Thread"        [id=35348, stack(0x0000007ff4500000,0x0000007ff4600000) (1024K)]
  0x00000185658ed680 WorkerThread "GC Thread#0"                     [id=1524, stack(0x0000007ff4000000,0x0000007ff4100000) (1024K)]
  0x0000018565901ac0 ConcurrentGCThread "G1 Main Marker"            [id=87832, stack(0x0000007ff4100000,0x0000007ff4200000) (1024K)]
  0x00000185659025d0 WorkerThread "G1 Conc#0"                       [id=93720, stack(0x0000007ff4200000,0x0000007ff4300000) (1024K)]
  0x000001856595e610 ConcurrentGCThread "G1 Refine#0"               [id=95240, stack(0x0000007ff4300000,0x0000007ff4400000) (1024K)]
  0x00000185023713c0 ConcurrentGCThread "G1 Service"                [id=95268, stack(0x0000007ff4400000,0x0000007ff4500000) (1024K)]
Total: 7

Threads with active compile tasks:
Total: 0

VM state: not at safepoint (normal execution)

VM Mutex/Monitor currently owned by a thread: None

Heap address: 0x0000000085800000, size: 1960 MB, Compressed Oops mode: 32-bit

CDS archive(s) mapped at: [0x0000018503000000-0x0000018503d70000-0x0000018503d70000), size 14090240, SharedBaseAddress: 0x0000018503000000, ArchiveRelocationMode: 1.
Compressed class space mapped at: 0x0000018504000000-0x0000018544000000, reserved size: 1073741824
Narrow klass base: 0x0000018503000000, Narrow klass shift: 0, Narrow klass range: 0x41000000

GC Precious Log:
 CardTable entry size: 512
 Card Set container configuration: InlinePtr #cards 5 size 8 Array Of Cards #cards 10 size 36 Howl #buckets 4 coarsen threshold 1843 Howl Bitmap #cards 512 size 80 coarsen threshold 460 Card regions per heap region 1 cards per card region 2048
 CPUs: 8 total, 8 available
 Memory: 7834M
 Large Page Support: Disabled
 NUMA Support: Disabled
 Compressed Oops: Enabled (32-bit)
 Heap Region Size: 1M
 Heap Min Capacity: 8M
 Heap Initial Capacity: 124M
 Heap Max Capacity: 1960M
 Pre-touch: Disabled
 Parallel Workers: 8
 Concurrent Workers: 2
 Concurrent Refinement Workers: 8
 Periodic GC: Disabled

Heap:
 garbage-first heap   total reserved 2007040K, committed 126976K, used 22528K [0x0000000085800000, 0x0000000100000000)
  region size 1024K, 23 young (23552K), 0 survivors (0K)
 Metaspace       used 7793K, committed 8064K, reserved 1114112K
  class space    used 846K, committed 960K, reserved 1048576K

Heap Regions: E=young(eden), S=young(survivor), O=old, HS=humongous(starts), HC=humongous(continues), CS=collection set, F=free, TAMS=top-at-mark-start, PB=parsable bottom
|   0|0x0000000085800000, 0x0000000085800000, 0x0000000085900000|  0%| F|  |TAMS 0x0000000085800000| PB 0x0000000085800000| Untracked |  0
|   1|0x0000000085900000, 0x0000000085900000, 0x0000000085a00000|  0%| F|  |TAMS 0x0000000085900000| PB 0x0000000085900000| Untracked |  0
|   2|0x0000000085a00000, 0x0000000085a00000, 0x0000000085b00000|  0%| F|  |TAMS 0x0000000085a00000| PB 0x0000000085a00000| Untracked |  0
|   3|0x0000000085b00000, 0x0000000085b00000, 0x0000000085c00000|  0%| F|  |TAMS 0x0000000085b00000| PB 0x0000000085b00000| Untracked |  0
|   4|0x0000000085c00000, 0x0000000085c00000, 0x0000000085d00000|  0%| F|  |TAMS 0x0000000085c00000| PB 0x0000000085c00000| Untracked |  0
|   5|0x0000000085d00000, 0x0000000085d00000, 0x0000000085e00000|  0%| F|  |TAMS 0x0000000085d00000| PB 0x0000000085d00000| Untracked |  0
|   6|0x0000000085e00000, 0x0000000085e00000, 0x0000000085f00000|  0%| F|  |TAMS 0x0000000085e00000| PB 0x0000000085e00000| Untracked |  0
|   7|0x0000000085f00000, 0x0000000085f00000, 0x0000000086000000|  0%| F|  |TAMS 0x0000000085f00000| PB 0x0000000085f00000| Untracked |  0
|   8|0x0000000086000000, 0x0000000086000000, 0x0000000086100000|  0%| F|  |TAMS 0x0000000086000000| PB 0x0000000086000000| Untracked |  0
|   9|0x0000000086100000, 0x0000000086100000, 0x0000000086200000|  0%| F|  |TAMS 0x0000000086100000| PB 0x0000000086100000| Untracked |  0
|  10|0x0000000086200000, 0x0000000086200000, 0x0000000086300000|  0%| F|  |TAMS 0x0000000086200000| PB 0x0000000086200000| Untracked |  0
|  11|0x0000000086300000, 0x0000000086300000, 0x0000000086400000|  0%| F|  |TAMS 0x0000000086300000| PB 0x0000000086300000| Untracked |  0
|  12|0x0000000086400000, 0x0000000086400000, 0x0000000086500000|  0%| F|  |TAMS 0x0000000086400000| PB 0x0000000086400000| Untracked |  0
|  13|0x0000000086500000, 0x0000000086500000, 0x0000000086600000|  0%| F|  |TAMS 0x0000000086500000| PB 0x0000000086500000| Untracked |  0
|  14|0x0000000086600000, 0x0000000086600000, 0x0000000086700000|  0%| F|  |TAMS 0x0000000086600000| PB 0x0000000086600000| Untracked |  0
|  15|0x0000000086700000, 0x0000000086700000, 0x0000000086800000|  0%| F|  |TAMS 0x0000000086700000| PB 0x0000000086700000| Untracked |  0
|  16|0x0000000086800000, 0x0000000086800000, 0x0000000086900000|  0%| F|  |TAMS 0x0000000086800000| PB 0x0000000086800000| Untracked |  0
|  17|0x0000000086900000, 0x0000000086900000, 0x0000000086a00000|  0%| F|  |TAMS 0x0000000086900000| PB 0x0000000086900000| Untracked |  0
|  18|0x0000000086a00000, 0x0000000086a00000, 0x0000000086b00000|  0%| F|  |TAMS 0x0000000086a00000| PB 0x0000000086a00000| Untracked |  0
|  19|0x0000000086b00000, 0x0000000086b00000, 0x0000000086c00000|  0%| F|  |TAMS 0x0000000086b00000| PB 0x0000000086b00000| Untracked |  0
|  20|0x0000000086c00000, 0x0000000086c00000, 0x0000000086d00000|  0%| F|  |TAMS 0x0000000086c00000| PB 0x0000000086c00000| Untracked |  0
|  21|0x0000000086d00000, 0x0000000086d00000, 0x0000000086e00000|  0%| F|  |TAMS 0x0000000086d00000| PB 0x0000000086d00000| Untracked |  0
|  22|0x0000000086e00000, 0x0000000086e00000, 0x0000000086f00000|  0%| F|  |TAMS 0x0000000086e00000| PB 0x0000000086e00000| Untracked |  0
|  23|0x0000000086f00000, 0x0000000086f00000, 0x0000000087000000|  0%| F|  |TAMS 0x0000000086f00000| PB 0x0000000086f00000| Untracked |  0
|  24|0x0000000087000000, 0x0000000087000000, 0x0000000087100000|  0%| F|  |TAMS 0x0000000087000000| PB 0x0000000087000000| Untracked |  0
|  25|0x0000000087100000, 0x0000000087100000, 0x0000000087200000|  0%| F|  |TAMS 0x0000000087100000| PB 0x0000000087100000| Untracked |  0
|  26|0x0000000087200000, 0x0000000087200000, 0x0000000087300000|  0%| F|  |TAMS 0x0000000087200000| PB 0x0000000087200000| Untracked |  0
|  27|0x0000000087300000, 0x0000000087300000, 0x0000000087400000|  0%| F|  |TAMS 0x0000000087300000| PB 0x0000000087300000| Untracked |  0
|  28|0x0000000087400000, 0x0000000087400000, 0x0000000087500000|  0%| F|  |TAMS 0x0000000087400000| PB 0x0000000087400000| Untracked |  0
|  29|0x0000000087500000, 0x0000000087500000, 0x0000000087600000|  0%| F|  |TAMS 0x0000000087500000| PB 0x0000000087500000| Untracked |  0
|  30|0x0000000087600000, 0x0000000087600000, 0x0000000087700000|  0%| F|  |TAMS 0x0000000087600000| PB 0x0000000087600000| Untracked |  0
|  31|0x0000000087700000, 0x0000000087700000, 0x0000000087800000|  0%| F|  |TAMS 0x0000000087700000| PB 0x0000000087700000| Untracked |  0
|  32|0x0000000087800000, 0x0000000087800000, 0x0000000087900000|  0%| F|  |TAMS 0x0000000087800000| PB 0x0000000087800000| Untracked |  0
|  33|0x0000000087900000, 0x0000000087900000, 0x0000000087a00000|  0%| F|  |TAMS 0x0000000087900000| PB 0x0000000087900000| Untracked |  0
|  34|0x0000000087a00000, 0x0000000087a00000, 0x0000000087b00000|  0%| F|  |TAMS 0x0000000087a00000| PB 0x0000000087a00000| Untracked |  0
|  35|0x0000000087b00000, 0x0000000087b00000, 0x0000000087c00000|  0%| F|  |TAMS 0x0000000087b00000| PB 0x0000000087b00000| Untracked |  0
|  36|0x0000000087c00000, 0x0000000087c00000, 0x0000000087d00000|  0%| F|  |TAMS 0x0000000087c00000| PB 0x0000000087c00000| Untracked |  0
|  37|0x0000000087d00000, 0x0000000087d00000, 0x0000000087e00000|  0%| F|  |TAMS 0x0000000087d00000| PB 0x0000000087d00000| Untracked |  0
|  38|0x0000000087e00000, 0x0000000087e00000, 0x0000000087f00000|  0%| F|  |TAMS 0x0000000087e00000| PB 0x0000000087e00000| Untracked |  0
|  39|0x0000000087f00000, 0x0000000087f00000, 0x0000000088000000|  0%| F|  |TAMS 0x0000000087f00000| PB 0x0000000087f00000| Untracked |  0
|  40|0x0000000088000000, 0x0000000088000000, 0x0000000088100000|  0%| F|  |TAMS 0x0000000088000000| PB 0x0000000088000000| Untracked |  0
|  41|0x0000000088100000, 0x0000000088100000, 0x0000000088200000|  0%| F|  |TAMS 0x0000000088100000| PB 0x0000000088100000| Untracked |  0
|  42|0x0000000088200000, 0x0000000088200000, 0x0000000088300000|  0%| F|  |TAMS 0x0000000088200000| PB 0x0000000088200000| Untracked |  0
|  43|0x0000000088300000, 0x0000000088300000, 0x0000000088400000|  0%| F|  |TAMS 0x0000000088300000| PB 0x0000000088300000| Untracked |  0
|  44|0x0000000088400000, 0x0000000088400000, 0x0000000088500000|  0%| F|  |TAMS 0x0000000088400000| PB 0x0000000088400000| Untracked |  0
|  45|0x0000000088500000, 0x0000000088500000, 0x0000000088600000|  0%| F|  |TAMS 0x0000000088500000| PB 0x0000000088500000| Untracked |  0
|  46|0x0000000088600000, 0x0000000088600000, 0x0000000088700000|  0%| F|  |TAMS 0x0000000088600000| PB 0x0000000088600000| Untracked |  0
|  47|0x0000000088700000, 0x0000000088700000, 0x0000000088800000|  0%| F|  |TAMS 0x0000000088700000| PB 0x0000000088700000| Untracked |  0
|  48|0x0000000088800000, 0x0000000088800000, 0x0000000088900000|  0%| F|  |TAMS 0x0000000088800000| PB 0x0000000088800000| Untracked |  0
|  49|0x0000000088900000, 0x0000000088900000, 0x0000000088a00000|  0%| F|  |TAMS 0x0000000088900000| PB 0x0000000088900000| Untracked |  0
|  50|0x0000000088a00000, 0x0000000088a00000, 0x0000000088b00000|  0%| F|  |TAMS 0x0000000088a00000| PB 0x0000000088a00000| Untracked |  0
|  51|0x0000000088b00000, 0x0000000088b00000, 0x0000000088c00000|  0%| F|  |TAMS 0x0000000088b00000| PB 0x0000000088b00000| Untracked |  0
|  52|0x0000000088c00000, 0x0000000088c00000, 0x0000000088d00000|  0%| F|  |TAMS 0x0000000088c00000| PB 0x0000000088c00000| Untracked |  0
|  53|0x0000000088d00000, 0x0000000088d00000, 0x0000000088e00000|  0%| F|  |TAMS 0x0000000088d00000| PB 0x0000000088d00000| Untracked |  0
|  54|0x0000000088e00000, 0x0000000088e00000, 0x0000000088f00000|  0%| F|  |TAMS 0x0000000088e00000| PB 0x0000000088e00000| Untracked |  0
|  55|0x0000000088f00000, 0x0000000088f00000, 0x0000000089000000|  0%| F|  |TAMS 0x0000000088f00000| PB 0x0000000088f00000| Untracked |  0
|  56|0x0000000089000000, 0x0000000089000000, 0x0000000089100000|  0%| F|  |TAMS 0x0000000089000000| PB 0x0000000089000000| Untracked |  0
|  57|0x0000000089100000, 0x0000000089100000, 0x0000000089200000|  0%| F|  |TAMS 0x0000000089100000| PB 0x0000000089100000| Untracked |  0
|  58|0x0000000089200000, 0x0000000089200000, 0x0000000089300000|  0%| F|  |TAMS 0x0000000089200000| PB 0x0000000089200000| Untracked |  0
|  59|0x0000000089300000, 0x0000000089300000, 0x0000000089400000|  0%| F|  |TAMS 0x0000000089300000| PB 0x0000000089300000| Untracked |  0
|  60|0x0000000089400000, 0x0000000089400000, 0x0000000089500000|  0%| F|  |TAMS 0x0000000089400000| PB 0x0000000089400000| Untracked |  0
|  61|0x0000000089500000, 0x0000000089500000, 0x0000000089600000|  0%| F|  |TAMS 0x0000000089500000| PB 0x0000000089500000| Untracked |  0
|  62|0x0000000089600000, 0x0000000089600000, 0x0000000089700000|  0%| F|  |TAMS 0x0000000089600000| PB 0x0000000089600000| Untracked |  0
|  63|0x0000000089700000, 0x0000000089700000, 0x0000000089800000|  0%| F|  |TAMS 0x0000000089700000| PB 0x0000000089700000| Untracked |  0
|  64|0x0000000089800000, 0x0000000089800000, 0x0000000089900000|  0%| F|  |TAMS 0x0000000089800000| PB 0x0000000089800000| Untracked |  0
|  65|0x0000000089900000, 0x0000000089900000, 0x0000000089a00000|  0%| F|  |TAMS 0x0000000089900000| PB 0x0000000089900000| Untracked |  0
|  66|0x0000000089a00000, 0x0000000089a00000, 0x0000000089b00000|  0%| F|  |TAMS 0x0000000089a00000| PB 0x0000000089a00000| Untracked |  0
|  67|0x0000000089b00000, 0x0000000089b00000, 0x0000000089c00000|  0%| F|  |TAMS 0x0000000089b00000| PB 0x0000000089b00000| Untracked |  0
|  68|0x0000000089c00000, 0x0000000089c00000, 0x0000000089d00000|  0%| F|  |TAMS 0x0000000089c00000| PB 0x0000000089c00000| Untracked |  0
|  69|0x0000000089d00000, 0x0000000089d00000, 0x0000000089e00000|  0%| F|  |TAMS 0x0000000089d00000| PB 0x0000000089d00000| Untracked |  0
|  70|0x0000000089e00000, 0x0000000089e00000, 0x0000000089f00000|  0%| F|  |TAMS 0x0000000089e00000| PB 0x0000000089e00000| Untracked |  0
|  71|0x0000000089f00000, 0x0000000089f00000, 0x000000008a000000|  0%| F|  |TAMS 0x0000000089f00000| PB 0x0000000089f00000| Untracked |  0
|  72|0x000000008a000000, 0x000000008a000000, 0x000000008a100000|  0%| F|  |TAMS 0x000000008a000000| PB 0x000000008a000000| Untracked |  0
|  73|0x000000008a100000, 0x000000008a100000, 0x000000008a200000|  0%| F|  |TAMS 0x000000008a100000| PB 0x000000008a100000| Untracked |  0
|  74|0x000000008a200000, 0x000000008a200000, 0x000000008a300000|  0%| F|  |TAMS 0x000000008a200000| PB 0x000000008a200000| Untracked |  0
|  75|0x000000008a300000, 0x000000008a300000, 0x000000008a400000|  0%| F|  |TAMS 0x000000008a300000| PB 0x000000008a300000| Untracked |  0
|  76|0x000000008a400000, 0x000000008a400000, 0x000000008a500000|  0%| F|  |TAMS 0x000000008a400000| PB 0x000000008a400000| Untracked |  0
|  77|0x000000008a500000, 0x000000008a500000, 0x000000008a600000|  0%| F|  |TAMS 0x000000008a500000| PB 0x000000008a500000| Untracked |  0
|  78|0x000000008a600000, 0x000000008a600000, 0x000000008a700000|  0%| F|  |TAMS 0x000000008a600000| PB 0x000000008a600000| Untracked |  0
|  79|0x000000008a700000, 0x000000008a700000, 0x000000008a800000|  0%| F|  |TAMS 0x000000008a700000| PB 0x000000008a700000| Untracked |  0
|  80|0x000000008a800000, 0x000000008a800000, 0x000000008a900000|  0%| F|  |TAMS 0x000000008a800000| PB 0x000000008a800000| Untracked |  0
|  81|0x000000008a900000, 0x000000008a900000, 0x000000008aa00000|  0%| F|  |TAMS 0x000000008a900000| PB 0x000000008a900000| Untracked |  0
|  82|0x000000008aa00000, 0x000000008aa00000, 0x000000008ab00000|  0%| F|  |TAMS 0x000000008aa00000| PB 0x000000008aa00000| Untracked |  0
|  83|0x000000008ab00000, 0x000000008ab00000, 0x000000008ac00000|  0%| F|  |TAMS 0x000000008ab00000| PB 0x000000008ab00000| Untracked |  0
|  84|0x000000008ac00000, 0x000000008ac00000, 0x000000008ad00000|  0%| F|  |TAMS 0x000000008ac00000| PB 0x000000008ac00000| Untracked |  0
|  85|0x000000008ad00000, 0x000000008ad00000, 0x000000008ae00000|  0%| F|  |TAMS 0x000000008ad00000| PB 0x000000008ad00000| Untracked |  0
|  86|0x000000008ae00000, 0x000000008ae00000, 0x000000008af00000|  0%| F|  |TAMS 0x000000008ae00000| PB 0x000000008ae00000| Untracked |  0
|  87|0x000000008af00000, 0x000000008af00000, 0x000000008b000000|  0%| F|  |TAMS 0x000000008af00000| PB 0x000000008af00000| Untracked |  0
|  88|0x000000008b000000, 0x000000008b000000, 0x000000008b100000|  0%| F|  |TAMS 0x000000008b000000| PB 0x000000008b000000| Untracked |  0
|  89|0x000000008b100000, 0x000000008b100000, 0x000000008b200000|  0%| F|  |TAMS 0x000000008b100000| PB 0x000000008b100000| Untracked |  0
|  90|0x000000008b200000, 0x000000008b200000, 0x000000008b300000|  0%| F|  |TAMS 0x000000008b200000| PB 0x000000008b200000| Untracked |  0
|  91|0x000000008b300000, 0x000000008b300000, 0x000000008b400000|  0%| F|  |TAMS 0x000000008b300000| PB 0x000000008b300000| Untracked |  0
|  92|0x000000008b400000, 0x000000008b400000, 0x000000008b500000|  0%| F|  |TAMS 0x000000008b400000| PB 0x000000008b400000| Untracked |  0
|  93|0x000000008b500000, 0x000000008b500000, 0x000000008b600000|  0%| F|  |TAMS 0x000000008b500000| PB 0x000000008b500000| Untracked |  0
|  94|0x000000008b600000, 0x000000008b600000, 0x000000008b700000|  0%| F|  |TAMS 0x000000008b600000| PB 0x000000008b600000| Untracked |  0
|  95|0x000000008b700000, 0x000000008b700000, 0x000000008b800000|  0%| F|  |TAMS 0x000000008b700000| PB 0x000000008b700000| Untracked |  0
|  96|0x000000008b800000, 0x000000008b800000, 0x000000008b900000|  0%| F|  |TAMS 0x000000008b800000| PB 0x000000008b800000| Untracked |  0
|  97|0x000000008b900000, 0x000000008b900000, 0x000000008ba00000|  0%| F|  |TAMS 0x000000008b900000| PB 0x000000008b900000| Untracked |  0
|  98|0x000000008ba00000, 0x000000008ba00000, 0x000000008bb00000|  0%| F|  |TAMS 0x000000008ba00000| PB 0x000000008ba00000| Untracked |  0
|  99|0x000000008bb00000, 0x000000008bb00000, 0x000000008bc00000|  0%| F|  |TAMS 0x000000008bb00000| PB 0x000000008bb00000| Untracked |  0
| 100|0x000000008bc00000, 0x000000008bc00000, 0x000000008bd00000|  0%| F|  |TAMS 0x000000008bc00000| PB 0x000000008bc00000| Untracked |  0
| 101|0x000000008bd00000, 0x000000008bdf6240, 0x000000008be00000| 96%| E|  |TAMS 0x000000008bd00000| PB 0x000000008bd00000| Complete |  0
| 102|0x000000008be00000, 0x000000008bf00000, 0x000000008bf00000|100%| E|CS|TAMS 0x000000008be00000| PB 0x000000008be00000| Complete |  0
| 103|0x000000008bf00000, 0x000000008c000000, 0x000000008c000000|100%| E|CS|TAMS 0x000000008bf00000| PB 0x000000008bf00000| Complete |  0
| 104|0x000000008c000000, 0x000000008c100000, 0x000000008c100000|100%| E|CS|TAMS 0x000000008c000000| PB 0x000000008c000000| Complete |  0
| 105|0x000000008c100000, 0x000000008c200000, 0x000000008c200000|100%| E|CS|TAMS 0x000000008c100000| PB 0x000000008c100000| Complete |  0
| 106|0x000000008c200000, 0x000000008c300000, 0x000000008c300000|100%| E|CS|TAMS 0x000000008c200000| PB 0x000000008c200000| Complete |  0
| 107|0x000000008c300000, 0x000000008c400000, 0x000000008c400000|100%| E|CS|TAMS 0x000000008c300000| PB 0x000000008c300000| Complete |  0
| 108|0x000000008c400000, 0x000000008c500000, 0x000000008c500000|100%| E|CS|TAMS 0x000000008c400000| PB 0x000000008c400000| Complete |  0
| 109|0x000000008c500000, 0x000000008c600000, 0x000000008c600000|100%| E|CS|TAMS 0x000000008c500000| PB 0x000000008c500000| Complete |  0
| 110|0x000000008c600000, 0x000000008c700000, 0x000000008c700000|100%| E|CS|TAMS 0x000000008c600000| PB 0x000000008c600000| Complete |  0
| 111|0x000000008c700000, 0x000000008c800000, 0x000000008c800000|100%| E|CS|TAMS 0x000000008c700000| PB 0x000000008c700000| Complete |  0
| 112|0x000000008c800000, 0x000000008c900000, 0x000000008c900000|100%| E|CS|TAMS 0x000000008c800000| PB 0x000000008c800000| Complete |  0
| 113|0x000000008c900000, 0x000000008ca00000, 0x000000008ca00000|100%| E|CS|TAMS 0x000000008c900000| PB 0x000000008c900000| Complete |  0
| 114|0x000000008ca00000, 0x000000008cb00000, 0x000000008cb00000|100%| E|CS|TAMS 0x000000008ca00000| PB 0x000000008ca00000| Complete |  0
| 115|0x000000008cb00000, 0x000000008cc00000, 0x000000008cc00000|100%| E|CS|TAMS 0x000000008cb00000| PB 0x000000008cb00000| Complete |  0
| 116|0x000000008cc00000, 0x000000008cd00000, 0x000000008cd00000|100%| E|CS|TAMS 0x000000008cc00000| PB 0x000000008cc00000| Complete |  0
| 117|0x000000008cd00000, 0x000000008ce00000, 0x000000008ce00000|100%| E|CS|TAMS 0x000000008cd00000| PB 0x000000008cd00000| Complete |  0
| 118|0x000000008ce00000, 0x000000008cf00000, 0x000000008cf00000|100%| E|CS|TAMS 0x000000008ce00000| PB 0x000000008ce00000| Complete |  0
| 119|0x000000008cf00000, 0x000000008d000000, 0x000000008d000000|100%| E|CS|TAMS 0x000000008cf00000| PB 0x000000008cf00000| Complete |  0
| 120|0x000000008d000000, 0x000000008d100000, 0x000000008d100000|100%| E|CS|TAMS 0x000000008d000000| PB 0x000000008d000000| Complete |  0
| 121|0x000000008d100000, 0x000000008d200000, 0x000000008d200000|100%| E|CS|TAMS 0x000000008d100000| PB 0x000000008d100000| Complete |  0
| 122|0x000000008d200000, 0x000000008d300000, 0x000000008d300000|100%| E|CS|TAMS 0x000000008d200000| PB 0x000000008d200000| Complete |  0
| 123|0x000000008d300000, 0x000000008d400000, 0x000000008d400000|100%| E|CS|TAMS 0x000000008d300000| PB 0x000000008d300000| Complete |  0

Card table byte_map: [0x000001857d7f0000,0x000001857dbd0000] _byte_map_base: 0x000001857d3c4000

Marking Bits: (CMBitMap*) 0x00000185658edd90
 Bits: [0x000001857dbd0000, 0x000001857fa70000)

Polling page: 0x0000018563740000

Metaspace:

Usage:
  Non-class:      6.78 MB used.
      Class:    846.17 KB used.
       Both:      7.61 MB used.

Virtual space:
  Non-class space:       64.00 MB reserved,       6.94 MB ( 11%) committed,  1 nodes.
      Class space:        1.00 GB reserved,     960.00 KB ( <1%) committed,  1 nodes.
             Both:        1.06 GB reserved,       7.88 MB ( <1%) committed. 

Chunk freelists:
   Non-Class:  8.86 MB
       Class:  15.04 MB
        Both:  23.90 MB

MaxMetaspaceSize: unlimited
CompressedClassSpaceSize: 1.00 GB
Initial GC threshold: 21.00 MB
Current GC threshold: 21.00 MB
CDS: on
 - commit_granule_bytes: 65536.
 - commit_granule_words: 8192.
 - virtual_space_node_default_size: 8388608.
 - enlarge_chunks_in_place: 1.
 - use_allocation_guard: 0.


Internal statistics:

num_allocs_failed_limit: 0.
num_arena_births: 274.
num_arena_deaths: 0.
num_vsnodes_births: 2.
num_vsnodes_deaths: 0.
num_space_committed: 126.
num_space_uncommitted: 0.
num_chunks_returned_to_freelist: 0.
num_chunks_taken_from_freelist: 375.
num_chunk_merges: 0.
num_chunk_splits: 216.
num_chunks_enlarged: 84.
num_inconsistent_stats: 0.

CodeHeap 'non-profiled nmethods': size=120064Kb used=669Kb max_used=669Kb free=119395Kb
 bounds [0x0000018575a90000, 0x0000018575d00000, 0x000001857cfd0000]
CodeHeap 'profiled nmethods': size=120000Kb used=2679Kb max_used=2679Kb free=117320Kb
 bounds [0x000001856dfd0000, 0x000001856e270000, 0x0000018575500000]
CodeHeap 'non-nmethods': size=5696Kb used=1533Kb max_used=1579Kb free=4162Kb
 bounds [0x0000018575500000, 0x0000018575770000, 0x0000018575a90000]
CodeCache: size=245760Kb, used=4881Kb, max_used=4927Kb, free=240877Kb
 total_blobs=2472, nmethods=1953, adapters=425, full_count=0
Compilation: enabled, stopped_count=0, restarted_count=0

Compilation events (20 events):
Event: 303.577 Thread 0x00000185024e4b10 nmethod 1951 0x0000018575b34d08 code [0x0000018575b34e00, 0x0000018575b34eb8]
Event: 303.583 Thread 0x00000185025085f0 nmethod 1950 0x000001856e26c908 code [0x000001856e26cb40, 0x000001856e26d7c8]
Event: 310.538 Thread 0x00000185024e4b10 1952       4       jdk.internal.misc.Unsafe::putLongUnaligned (14 bytes)
Event: 310.549 Thread 0x00000185024e4b10 nmethod 1952 0x0000018575b35008 code [0x0000018575b35100, 0x0000018575b351d0]
Event: 313.837 Thread 0x00000185024e4b10 1953       4       java.util.HashMap$HashIterator::hasNext (13 bytes)
Event: 313.844 Thread 0x00000185024e4b10 nmethod 1953 0x0000018575b35308 code [0x0000018575b35400, 0x0000018575b35480]
Event: 314.995 Thread 0x00000185024e4b10 1954       4       java.lang.AbstractStringBuilder::append (37 bytes)
Event: 315.079 Thread 0x00000185024e4b10 nmethod 1954 0x0000018575b35608 code [0x0000018575b35760, 0x0000018575b360c0]
Event: 315.164 Thread 0x00000185024e4b10 1955   !   4       java.lang.ref.ReferenceQueue::poll (40 bytes)
Event: 315.169 Thread 0x00000185024e4b10 nmethod 1955 0x0000018575b36188 code [0x0000018575b36280, 0x0000018575b36320]
Event: 316.309 Thread 0x00000185024e4b10 1956       4       jdk.internal.util.ByteArray::setLong (10 bytes)
Event: 316.324 Thread 0x00000185024e4b10 nmethod 1956 0x0000018575b36488 code [0x0000018575b36580, 0x0000018575b36660]
Event: 320.877 Thread 0x00000185025085f0 1957       3       java.lang.Double::valueOf (9 bytes)
Event: 320.905 Thread 0x00000185025085f0 nmethod 1957 0x000001856e26d888 code [0x000001856e26d9c0, 0x000001856e26dc28]
Event: 320.905 Thread 0x00000185025085f0 1958       3       java.lang.Double::<init> (10 bytes)
Event: 320.906 Thread 0x00000185025085f0 nmethod 1958 0x000001856e26dc88 code [0x000001856e26dda0, 0x000001856e26df68]
Event: 322.040 Thread 0x00000185024e4b10 1959       4       java.util.Arrays::fill (21 bytes)
Event: 322.041 Thread 0x00000185024e4b10 nmethod 1959 0x0000018575b36788 code [0x0000018575b36880, 0x0000018575b36958]
Event: 326.596 Thread 0x00000185024e4b10 1960       4       java.io.ObjectInputStream$PeekInputStream::read (115 bytes)
Event: 326.627 Thread 0x00000185024e4b10 nmethod 1960 0x0000018575b36a88 code [0x0000018575b36c20, 0x0000018575b37308]

GC Heap History (0 events):
No events

Dll operation events (20 events):
Event: 0.010 Loaded shared library C:\Users\79231\.jdks\openjdk-23.0.1\bin\java.dll
Event: 0.052 Loaded shared library C:\Users\79231\.jdks\openjdk-23.0.1\bin\jsvml.dll
Event: 0.103 Loaded shared library C:\Users\79231\.jdks\openjdk-23.0.1\bin\zip.dll
Event: 0.106 Loaded shared library C:\Users\79231\.jdks\openjdk-23.0.1\bin\instrument.dll
Event: 0.110 Loaded shared library C:\Users\79231\.jdks\openjdk-23.0.1\bin\net.dll
Event: 0.113 Loaded shared library C:\Users\79231\.jdks\openjdk-23.0.1\bin\nio.dll
Event: 0.117 Loaded shared library C:\Users\79231\.jdks\openjdk-23.0.1\bin\zip.dll
Event: 0.128 Loaded shared library C:\Program Files\JetBrains\IntelliJ IDEA 2024.3.1.1\bin\breakgen64.dll
Event: 0.140 Loaded shared library C:\Users\79231\.jdks\openjdk-23.0.1\bin\extnet.dll
Event: 0.165 Loaded shared library C:\Users\79231\.jdks\openjdk-23.0.1\bin\jimage.dll
Event: 0.190 Loaded shared library C:\Users\79231\.jsfml\windows_x64\libsndfile-1.dll
Event: 0.192 Loaded shared library C:\Users\79231\.jsfml\windows_x64\openal32.dll
Event: 0.197 Loaded shared library C:\Users\79231\.jsfml\windows_x64\sfml-system-2.dll
Event: 0.202 Loaded shared library C:\Users\79231\.jsfml\windows_x64\sfml-window-2.dll
Event: 0.204 Loaded shared library C:\Users\79231\.jsfml\windows_x64\sfml-audio-2.dll
Event: 0.206 Loaded shared library C:\Users\79231\.jsfml\windows_x64\sfml-graphics-2.dll
Event: 0.207 Loaded shared library C:\Users\79231\.jsfml\windows_x64\jsfml.dll
Event: 0.233 Loaded shared library C:\Users\79231\.jdks\openjdk-23.0.1\bin\management.dll
Event: 0.244 Loaded shared library C:\Users\79231\.jdks\openjdk-23.0.1\bin\management_ext.dll
Event: 0.322 Loaded shared library C:\Users\79231\.jdks\openjdk-23.0.1\bin\awt.dll

Deoptimization events (20 events):
Event: 180.733 Thread 0x000001854f165660 Uncommon trap: trap_request=0xffffff45 fr.pc=0x0000018575b18dc4 relative=0x0000000000000124
Event: 180.733 Thread 0x000001854f165660 Uncommon trap: reason=unstable_if action=reinterpret pc=0x0000018575b18dc4 method=java.lang.ThreadLocal$ThreadLocalMap.getEntry(Ljava/lang/ThreadLocal;)Ljava/lang/ThreadLocal$ThreadLocalMap$Entry; @ 21 c2
Event: 180.733 Thread 0x000001854f165660 DEOPT PACKING pc=0x0000018575b18dc4 sp=0x0000007ff3cfe460
Event: 180.733 Thread 0x000001854f165660 DEOPT UNPACKING pc=0x0000018575557982 sp=0x0000007ff3cfe370 mode 2
Event: 195.747 Thread 0x000001854efa55f0 Uncommon trap: trap_request=0xffffff45 fr.pc=0x0000018575b18530 relative=0x00000000000001b0
Event: 195.747 Thread 0x000001854efa55f0 Uncommon trap: reason=unstable_if action=reinterpret pc=0x0000018575b18530 method=java.io.BufferedInputStream.implRead()I @ 23 c2
Event: 195.748 Thread 0x000001854efa55f0 DEOPT PACKING pc=0x0000018575b18530 sp=0x0000007ff5efebd0
Event: 195.748 Thread 0x000001854efa55f0 DEOPT UNPACKING pc=0x0000018575557982 sp=0x0000007ff5efeb18 mode 2
Event: 300.680 Thread 0x000001854efa55f0 Uncommon trap: trap_request=0xffffff45 fr.pc=0x0000018575b1d88c relative=0x000000000000326c
Event: 300.681 Thread 0x000001854efa55f0 Uncommon trap: reason=unstable_if action=reinterpret pc=0x0000018575b1d88c method=java.io.ObjectStreamField.isPrimitive()Z @ 14 c2
Event: 300.681 Thread 0x000001854efa55f0 DEOPT PACKING pc=0x0000018575b1d88c sp=0x0000007ff5efe210
Event: 300.682 Thread 0x000001854efa55f0 DEOPT UNPACKING pc=0x0000018575557982 sp=0x0000007ff5efe0b8 mode 2
Event: 300.682 Thread 0x000001854efa55f0 Uncommon trap: trap_request=0xffffff45 fr.pc=0x0000018575b2520c relative=0x000000000000116c
Event: 300.682 Thread 0x000001854efa55f0 Uncommon trap: reason=unstable_if action=reinterpret pc=0x0000018575b2520c method=java.io.ObjectStreamClass$FieldReflector.getObjFieldValues(Ljava/lang/Object;[Ljava/lang/Object;)V @ 39 c2
Event: 300.682 Thread 0x000001854efa55f0 DEOPT PACKING pc=0x0000018575b2520c sp=0x0000007ff5efe240
Event: 300.682 Thread 0x000001854efa55f0 DEOPT UNPACKING pc=0x0000018575557982 sp=0x0000007ff5efe0f0 mode 2
Event: 300.684 Thread 0x000001854efa55f0 Uncommon trap: trap_request=0xffffff45 fr.pc=0x0000018575b0e338 relative=0x0000000000002018
Event: 300.685 Thread 0x000001854efa55f0 Uncommon trap: reason=unstable_if action=reinterpret pc=0x0000018575b0e338 method=java.io.ObjectOutputStream.writeObject0(Ljava/lang/Object;Z)V @ 459 c2
Event: 300.685 Thread 0x000001854efa55f0 DEOPT PACKING pc=0x0000018575b0e338 sp=0x0000007ff5efe170
Event: 300.685 Thread 0x000001854efa55f0 DEOPT UNPACKING pc=0x0000018575557982 sp=0x0000007ff5efe138 mode 2

Classes loaded (20 events):
Event: 0.635 Loading class javax/management/MalformedObjectNameException
Event: 0.635 Loading class javax/management/MalformedObjectNameException done
Event: 0.640 Loading class javax/management/remote/rmi/RMIConnectionImpl$PrivilegedOperation
Event: 0.641 Loading class javax/management/remote/rmi/RMIConnectionImpl$PrivilegedOperation done
Event: 0.645 Loading class sun/reflect/misc/MethodUtil
Event: 0.645 Loading class sun/reflect/misc/MethodUtil done
Event: 0.645 Loading class sun/reflect/misc/MethodUtil$1
Event: 0.645 Loading class sun/reflect/misc/MethodUtil$1 done
Event: 0.645 Loading class java/security/AllPermissionCollection
Event: 0.645 Loading class java/security/AllPermissionCollection done
Event: 0.646 Loading class java/lang/IllegalAccessException
Event: 0.646 Loading class java/lang/IllegalAccessException done
Event: 1.633 Loading class java/lang/NumberFormatException
Event: 1.633 Loading class java/lang/NumberFormatException done
Event: 1.637 Loading class javax/management/openmbean/CompositeDataSupport
Event: 1.637 Loading class javax/management/openmbean/CompositeDataSupport done
Event: 1.638 Loading class javax/management/openmbean/OpenDataException
Event: 1.638 Loading class javax/management/openmbean/OpenDataException done
Event: 1.639 Loading class java/io/ObjectStreamException
Event: 1.639 Loading class java/io/ObjectStreamException done

Classes unloaded (0 events):
No events

Classes redefined (0 events):
No events

Internal exceptions (20 events):
Event: 0.306 Thread 0x00000185024d3e60 Exception <a 'java/lang/NoSuchMethodError'{0x000000008cd02d70}: 'void java.lang.invoke.DirectMethodHandle$Holder.invokeStatic(java.lang.Object, int, java.lang.Object)'> (0x000000008cd02d70) 
thrown [s\open\src\hotspot\share\interpreter\linkResolver.cpp, line 796]
Event: 0.322 Thread 0x00000185024d3e60 Exception <a 'java/lang/NoSuchMethodError'{0x000000008cd49810}: 'int java.lang.invoke.DirectMethodHandle$Holder.invokeSpecial(java.lang.Object, java.lang.Object, java.lang.Object)'> (0x000000008cd49810) 
thrown [s\open\src\hotspot\share\interpreter\linkResolver.cpp, line 796]
Event: 0.369 Thread 0x00000185024d3e60 Exception <a 'java/lang/NoSuchMethodError'{0x000000008cb13288}: 'java.lang.Object java.lang.invoke.DirectMethodHandle$Holder.invokeStaticInit(java.lang.Object, java.lang.Object, java.lang.Object)'> (0x000000008cb13288) 
thrown [s\open\src\hotspot\share\interpreter\linkResolver.cpp, line 796]
Event: 0.517 Thread 0x00000185024d3e60 Exception <a 'java/lang/NoSuchMethodError'{0x000000008c886378}: 'java.lang.Object java.lang.invoke.DirectMethodHandle$Holder.invokeStaticInit(java.lang.Object, int, int, int, int)'> (0x000000008c886378) 
thrown [s\open\src\hotspot\share\interpreter\linkResolver.cpp, line 796]
Event: 0.533 Thread 0x00000185024d3e60 Exception <a 'java/lang/NoSuchMethodError'{0x000000008c8c5f20}: 'java.lang.Object java.lang.invoke.DirectMethodHandle$Holder.invokeStaticInit(java.lang.Object, java.lang.Object, int, int, int, int)'> (0x000000008c8c5f20) 
thrown [s\open\src\hotspot\share\interpreter\linkResolver.cpp, line 796]
Event: 0.553 Thread 0x00000185024d3e60 Exception <a 'java/lang/ClassNotFoundException'{0x000000008c8ea4f0}: javax/management/remote/rmi/RMIServerImpl_Skel> (0x000000008c8ea4f0) 
thrown [s\open\src\hotspot\share\classfile\systemDictionary.cpp, line 313]
Event: 0.568 Thread 0x00000185024d3e60 Exception <a 'java/lang/NoSuchMethodError'{0x000000008c706118}: 'long java.lang.invoke.Invokers$Holder.invokeExact_MT(java.lang.Object, java.lang.Object)'> (0x000000008c706118) 
thrown [s\open\src\hotspot\share\interpreter\linkResolver.cpp, line 796]
Event: 0.609 Thread 0x000001854efa55f0 Exception <a 'java/lang/NoSuchMethodError'{0x000000008c656290}: static [B.<clinit>()V> (0x000000008c656290) 
thrown [s\open\src\hotspot\share\prims\jni.cpp, line 1111]
Event: 0.612 Thread 0x000001854efa55f0 Exception <a 'java/lang/NoSuchMethodError'{0x000000008c65a440}: 'java.lang.Object java.lang.invoke.DirectMethodHandle$Holder.invokeInterface(java.lang.Object, java.lang.Object, java.lang.Object)'> (0x000000008c65a440) 
thrown [s\open\src\hotspot\share\interpreter\linkResolver.cpp, line 796]
Event: 0.623 Thread 0x000001854efa55f0 Exception <a 'java/lang/ClassNotFoundException'{0x000000008c6fb318}: javax/management/remote/rmi/RMIConnectionImpl_Skel> (0x000000008c6fb318) 
thrown [s\open\src\hotspot\share\classfile\systemDictionary.cpp, line 313]
Event: 0.625 Thread 0x000001854ef987c0 Exception <a 'java/lang/NoSuchMethodError'{0x000000008c52c680}: 'java.lang.Object java.lang.invoke.Invokers$Holder.linkToTargetMethod(java.lang.Object, long, java.lang.Object)'> (0x000000008c52c680) 
thrown [s\open\src\hotspot\share\interpreter\linkResolver.cpp, line 796]
Event: 0.631 Thread 0x000001854efa55f0 Exception <a 'java/lang/NoSuchMethodError'{0x000000008c595f68}: 'java.lang.Object java.lang.invoke.DirectMethodHandle$Holder.invokeInterface(java.lang.Object, java.lang.Object)'> (0x000000008c595f68) 
thrown [s\open\src\hotspot\share\interpreter\linkResolver.cpp, line 796]
Event: 0.638 Thread 0x000001854efa55f0 Exception <a 'java/lang/NoSuchMethodError'{0x000000008c5bb428}: 'int java.lang.invoke.DelegatingMethodHandle$Holder.reinvoke_L(java.lang.Object, java.lang.Object, java.lang.Object, java.lang.Object, java.lang.Object)'> (0x000000008c5bb428) 
thrown [s\open\src\hotspot\share\interpreter\linkResolver.cpp, line 796]
Event: 0.643 Thread 0x000001854efa55f0 Exception <a 'java/lang/NoSuchMethodError'{0x000000008c5d70b0}: 'java.lang.Object java.lang.invoke.DirectMethodHandle$Holder.invokeInterface(java.lang.Object, java.lang.Object, java.lang.Object, java.lang.Object, java.lang.Object)'> (0x000000008c5d70b0) 
thrown [s\open\src\hotspot\share\interpreter\linkResolver.cpp, line 796]
Event: 0.648 Thread 0x000001854efa55f0 Exception <a 'java/lang/NoSuchMethodError'{0x000000008c5fa7a0}: 'double java.lang.invoke.DirectMethodHandle$Holder.invokeInterface(java.lang.Object, java.lang.Object)'> (0x000000008c5fa7a0) 
thrown [s\open\src\hotspot\share\interpreter\linkResolver.cpp, line 796]
Event: 0.649 Thread 0x000001854efa55f0 Exception <a 'java/lang/NoSuchMethodError'{0x000000008c4023c8}: 'double java.lang.invoke.DelegatingMethodHandle$Holder.reinvoke_L(java.lang.Object, java.lang.Object)'> (0x000000008c4023c8) 
thrown [s\open\src\hotspot\share\interpreter\linkResolver.cpp, line 796]
Event: 1.636 Thread 0x000001854efa55f0 Exception <a 'java/lang/NoSuchMethodError'{0x000000008c41b4f8}: 'long java.lang.invoke.DirectMethodHandle$Holder.invokeVirtual(java.lang.Object, java.lang.Object)'> (0x000000008c41b4f8) 
thrown [s\open\src\hotspot\share\interpreter\linkResolver.cpp, line 796]
Event: 1.636 Thread 0x000001854efa55f0 Exception <a 'java/lang/NoSuchMethodError'{0x000000008c41eaf0}: 'long java.lang.invoke.DelegatingMethodHandle$Holder.reinvoke_L(java.lang.Object, java.lang.Object)'> (0x000000008c41eaf0) 
thrown [s\open\src\hotspot\share\interpreter\linkResolver.cpp, line 796]
Event: 180.730 Thread 0x000001854f165660 Implicit null exception at 0x0000018575b23675 to 0x0000018575b23720
Event: 180.733 Thread 0x000001854f165660 Implicit null exception at 0x0000018575b18ce5 to 0x0000018575b18da4

VM Operations (18 events):
Event: 0.161 Executing VM operation: HandshakeAllThreads (Deoptimize)
Event: 0.161 Executing VM operation: HandshakeAllThreads (Deoptimize) done
Event: 0.173 Executing VM operation: HandshakeAllThreads (Deoptimize)
Event: 0.173 Executing VM operation: HandshakeAllThreads (Deoptimize) done
Event: 0.199 Executing VM operation: HandshakeAllThreads (Deoptimize)
Event: 0.199 Executing VM operation: HandshakeAllThreads (Deoptimize) done
Event: 0.213 Executing VM operation: HandshakeAllThreads (Deoptimize)
Event: 0.213 Executing VM operation: HandshakeAllThreads (Deoptimize) done
Event: 0.213 Executing VM operation: HandshakeAllThreads (Deoptimize)
Event: 0.213 Executing VM operation: HandshakeAllThreads (Deoptimize) done
Event: 0.483 Executing VM operation: HandshakeAllThreads (Deoptimize)
Event: 0.483 Executing VM operation: HandshakeAllThreads (Deoptimize) done
Event: 0.622 Executing VM operation: HandshakeAllThreads (Deoptimize)
Event: 0.622 Executing VM operation: HandshakeAllThreads (Deoptimize) done
Event: 60.086 Executing VM operation: HandshakeAllThreads (HandshakeForDeflation)
Event: 60.086 Executing VM operation: HandshakeAllThreads (HandshakeForDeflation) done
Event: 60.086 Executing VM operation: RendezvousGCThreads
Event: 60.086 Executing VM operation: RendezvousGCThreads done

Memory protections (0 events):
No events

Nmethod flushes (0 events):
No events

Events (20 events):
Event: 0.048 Thread 0x00000185635e3430 Thread added: 0x00000185024d01c0
Event: 0.048 Thread 0x00000185635e3430 Thread added: 0x00000185024d1e80
Event: 0.049 Thread 0x00000185635e3430 Thread added: 0x00000185024d3310
Event: 0.049 Thread 0x00000185635e3430 Thread added: 0x00000185024d3e60
Event: 0.049 Thread 0x00000185635e3430 Thread added: 0x00000185024d4ae0
Event: 0.049 Thread 0x00000185635e3430 Thread added: 0x00000185024d5630
Event: 0.049 Thread 0x00000185635e3430 Thread added: 0x00000185024e4b10
Event: 0.049 Thread 0x00000185635e3430 Thread added: 0x00000185025085f0
Event: 0.076 Thread 0x00000185635e3430 Thread added: 0x0000018502630b10
Event: 0.129 Thread 0x00000185635e3430 Thread added: 0x0000018502754dd0
Event: 0.129 Thread 0x00000185635e3430 Thread added: 0x0000018502755440
Event: 0.184 Thread 0x00000185025085f0 Thread added: 0x00000185027ff640
Event: 0.424 Thread 0x00000185025085f0 Thread added: 0x000001854eee5ee0
Event: 0.563 Thread 0x00000185024d3e60 Thread added: 0x000001854f357cd0
Event: 0.584 Thread 0x000001854f357cd0 Thread added: 0x000001854efa55f0
Event: 0.608 Thread 0x000001854efa55f0 Thread added: 0x000001854f231210
Event: 0.620 Thread 0x000001854efa55f0 Thread added: 0x000001854ef987c0
Event: 1.634 Thread 0x000001854eee5ee0 Thread exited: 0x000001854eee5ee0
Event: 1.635 Thread 0x00000185027ff640 Thread exited: 0x00000185027ff640
Event: 180.692 Thread 0x000001854f357cd0 Thread added: 0x000001854f165660


Dynamic libraries:
0x00007ff620100000 - 0x00007ff62010e000 	C:\Users\79231\.jdks\openjdk-23.0.1\bin\java.exe
0x00007ffc6d2b0000 - 0x00007ffc6d4c7000 	C:\WINDOWS\SYSTEM32\ntdll.dll
0x00007ffc6afb0000 - 0x00007ffc6b074000 	C:\WINDOWS\System32\KERNEL32.DLL
0x00007ffc6a930000 - 0x00007ffc6acea000 	C:\WINDOWS\System32\KERNELBASE.dll
0x00007ffc6a670000 - 0x00007ffc6a781000 	C:\WINDOWS\System32\ucrtbase.dll
0x00007ffc633e0000 - 0x00007ffc633f7000 	C:\Users\79231\.jdks\openjdk-23.0.1\bin\jli.dll
0x00007ffc633a0000 - 0x00007ffc633bb000 	C:\Users\79231\.jdks\openjdk-23.0.1\bin\VCRUNTIME140.dll
0x00007ffc6b4b0000 - 0x00007ffc6b65e000 	C:\WINDOWS\System32\USER32.dll
0x00007ffc6ad70000 - 0x00007ffc6ad96000 	C:\WINDOWS\System32\win32u.dll
0x00007ffc6b260000 - 0x00007ffc6b289000 	C:\WINDOWS\System32\GDI32.dll
0x00007ffc4d460000 - 0x00007ffc4d6f2000 	C:\WINDOWS\WinSxS\amd64_microsoft.windows.common-controls_6595b64144ccf1df_6.0.22621.4541_none_2710d1c57384c085\COMCTL32.dll
0x00007ffc6a810000 - 0x00007ffc6a92b000 	C:\WINDOWS\System32\gdi32full.dll
0x00007ffc6b660000 - 0x00007ffc6b707000 	C:\WINDOWS\System32\msvcrt.dll
0x00007ffc6af10000 - 0x00007ffc6afaa000 	C:\WINDOWS\System32\msvcp_win.dll
0x00007ffc6c4b0000 - 0x00007ffc6c4e1000 	C:\WINDOWS\System32\IMM32.DLL
0x00007ffc64400000 - 0x00007ffc6440c000 	C:\Users\79231\.jdks\openjdk-23.0.1\bin\vcruntime140_1.dll
0x00007ffc59270000 - 0x00007ffc592fe000 	C:\Users\79231\.jdks\openjdk-23.0.1\bin\msvcp140.dll
0x00007ffc16340000 - 0x00007ffc1708f000 	C:\Users\79231\.jdks\openjdk-23.0.1\bin\server\jvm.dll
0x00007ffc6c620000 - 0x00007ffc6c6d2000 	C:\WINDOWS\System32\ADVAPI32.dll
0x00007ffc6d050000 - 0x00007ffc6d0f7000 	C:\WINDOWS\System32\sechost.dll
0x00007ffc6a580000 - 0x00007ffc6a5a8000 	C:\WINDOWS\System32\bcrypt.dll
0x00007ffc6d150000 - 0x00007ffc6d264000 	C:\WINDOWS\System32\RPCRT4.dll
0x00007ffc6b2a0000 - 0x00007ffc6b311000 	C:\WINDOWS\System32\WS2_32.dll
0x00007ffc6a450000 - 0x00007ffc6a49d000 	C:\WINDOWS\SYSTEM32\POWRPROF.dll
0x00007ffc63270000 - 0x00007ffc632a4000 	C:\WINDOWS\SYSTEM32\WINMM.dll
0x00007ffc62a00000 - 0x00007ffc62a0a000 	C:\WINDOWS\SYSTEM32\VERSION.dll
0x00007ffc6a430000 - 0x00007ffc6a443000 	C:\WINDOWS\SYSTEM32\UMPDC.dll
0x00007ffc695c0000 - 0x00007ffc695d8000 	C:\WINDOWS\SYSTEM32\kernel.appcore.dll
0x00007ffc63490000 - 0x00007ffc6349a000 	C:\Users\79231\.jdks\openjdk-23.0.1\bin\jimage.dll
0x00007ffc68040000 - 0x00007ffc68272000 	C:\WINDOWS\SYSTEM32\DBGHELP.DLL
0x00007ffc6c110000 - 0x00007ffc6c49f000 	C:\WINDOWS\System32\combase.dll
0x00007ffc6b8d0000 - 0x00007ffc6b9a7000 	C:\WINDOWS\System32\OLEAUT32.dll
0x00007ffc60ce0000 - 0x00007ffc60d12000 	C:\WINDOWS\SYSTEM32\dbgcore.DLL
0x00007ffc6acf0000 - 0x00007ffc6ad6b000 	C:\WINDOWS\System32\bcryptPrimitives.dll
0x00007ffc633d0000 - 0x00007ffc633df000 	C:\Users\79231\.jdks\openjdk-23.0.1\bin\instrument.dll
0x00007ffc63380000 - 0x00007ffc6339e000 	C:\Users\79231\.jdks\openjdk-23.0.1\bin\java.dll
0x00007ffc6be40000 - 0x00007ffc6bfe5000 	C:\WINDOWS\System32\ole32.dll
0x00007ffc6c7d0000 - 0x00007ffc6d048000 	C:\WINDOWS\System32\SHELL32.dll
0x00007ffc684c0000 - 0x00007ffc68dc8000 	C:\WINDOWS\SYSTEM32\windows.storage.dll
0x00007ffc68380000 - 0x00007ffc684bf000 	C:\WINDOWS\SYSTEM32\wintypes.dll
0x00007ffc6bff0000 - 0x00007ffc6c0ea000 	C:\WINDOWS\System32\SHCORE.dll
0x00007ffc6c510000 - 0x00007ffc6c56e000 	C:\WINDOWS\System32\shlwapi.dll
0x00007ffc6a4b0000 - 0x00007ffc6a4db000 	C:\WINDOWS\SYSTEM32\profapi.dll
0x00007ffc52a80000 - 0x00007ffc52b57000 	C:\Users\79231\.jdks\openjdk-23.0.1\bin\jsvml.dll
0x00007ffc63320000 - 0x00007ffc63337000 	C:\Users\79231\.jdks\openjdk-23.0.1\bin\zip.dll
0x00007ffc63370000 - 0x00007ffc63380000 	C:\Users\79231\.jdks\openjdk-23.0.1\bin\net.dll
0x00007ffc69a40000 - 0x00007ffc69aa9000 	C:\WINDOWS\system32\mswsock.dll
0x00007ffc59d00000 - 0x00007ffc59d16000 	C:\Users\79231\.jdks\openjdk-23.0.1\bin\nio.dll
0x00007ffc4a2e0000 - 0x00007ffc4a2fa000 	C:\Program Files\JetBrains\IntelliJ IDEA 2024.3.1.1\bin\breakgen64.dll
0x00007ffc60e80000 - 0x00007ffc60e89000 	C:\Users\79231\.jdks\openjdk-23.0.1\bin\extnet.dll
0x0000000070440000 - 0x0000000070682000 	C:\Users\79231\.jsfml\windows_x64\libsndfile-1.dll
0x00007ffc4a210000 - 0x00007ffc4a27c000 	C:\Users\79231\.jsfml\windows_x64\openal32.dll
0x00007ffc60db0000 - 0x00007ffc60dbe000 	C:\Users\79231\.jsfml\windows_x64\sfml-system-2.dll
0x0000000072dd0000 - 0x0000000072ea2000 	C:\WINDOWS\SYSTEM32\MSVCR100.dll
0x0000000072d30000 - 0x0000000072dc8000 	C:\WINDOWS\SYSTEM32\MSVCP100.dll
0x00007ffc4a2c0000 - 0x00007ffc4a2d4000 	C:\Users\79231\.jsfml\windows_x64\sfml-window-2.dll
0x00007ffc40e00000 - 0x00007ffc40f00000 	C:\WINDOWS\SYSTEM32\OPENGL32.dll
0x00007ffc4bed0000 - 0x00007ffc4befd000 	C:\WINDOWS\SYSTEM32\GLU32.dll
0x00007ffc676b0000 - 0x00007ffc676e7000 	C:\WINDOWS\SYSTEM32\dxcore.dll
0x00007ffc4a2a0000 - 0x00007ffc4a2b3000 	C:\Users\79231\.jsfml\windows_x64\sfml-audio-2.dll
0x00007ffc1a200000 - 0x00007ffc1a2e9000 	C:\Users\79231\.jsfml\windows_x64\sfml-graphics-2.dll
0x00007ffc32480000 - 0x00007ffc324b5000 	C:\Users\79231\.jsfml\windows_x64\jsfml.dll
0x00007ffc69060000 - 0x00007ffc69162000 	C:\WINDOWS\SYSTEM32\DNSAPI.dll
0x00007ffc69030000 - 0x00007ffc6905d000 	C:\WINDOWS\SYSTEM32\IPHLPAPI.DLL
0x00007ffc6b9b0000 - 0x00007ffc6b9b9000 	C:\WINDOWS\System32\NSI.dll
0x00007ffc61590000 - 0x00007ffc6159a000 	C:\Windows\System32\rasadhlp.dll
0x00007ffc610d0000 - 0x00007ffc61153000 	C:\WINDOWS\System32\fwpuclnt.dll
0x00007ffc674c0000 - 0x00007ffc67571000 	C:\WINDOWS\system32\uxtheme.dll
0x00007ffc6b0e0000 - 0x00007ffc6b241000 	C:\WINDOWS\System32\MSCTF.dll
0x00007ffc49600000 - 0x00007ffc49649000 	C:\WINDOWS\SYSTEM32\directxdatabasehelper.dll
0x00007ffc59490000 - 0x00007ffc5949a000 	C:\Users\79231\.jdks\openjdk-23.0.1\bin\management.dll
0x00007ffc6c570000 - 0x00007ffc6c620000 	C:\WINDOWS\System32\clbcatq.dll
0x00007ffc5c080000 - 0x00007ffc5c1c4000 	C:\Windows\System32\AppXDeploymentClient.dll
0x00007ffc4bd70000 - 0x00007ffc4be70000 	C:\Windows\System32\Windows.ApplicationModel.dll
0x00007ffc6a180000 - 0x00007ffc6a1ce000 	C:\WINDOWS\SYSTEM32\CFGMGR32.dll
0x00007ffc63f20000 - 0x00007ffc64021000 	C:\WINDOWS\system32\propsys.dll
0x00007ffc59250000 - 0x00007ffc5925b000 	C:\Users\79231\.jdks\openjdk-23.0.1\bin\management_ext.dll
0x00007ffc6b250000 - 0x00007ffc6b258000 	C:\WINDOWS\System32\PSAPI.DLL
0x00007ffc58840000 - 0x00007ffc58866000 	C:\WINDOWS\system32\mssprxy.dll
0x00007ffb5dfa0000 - 0x00007ffb5f209000 	C:\WINDOWS\System32\DriverStore\FileRepository\iigd_dch.inf_amd64_46a183a099a0cf25\igxelpicd64.dll
0x00007ffc678f0000 - 0x00007ffc6791b000 	C:\WINDOWS\system32\dwmapi.dll
0x00007ffc677e0000 - 0x00007ffc678d7000 	C:\WINDOWS\system32\dxgi.dll
0x00007ffc15ff0000 - 0x00007ffc1633c000 	C:\WINDOWS\System32\DriverStore\FileRepository\iigd_dch.inf_amd64_46a183a099a0cf25\igdml64.dll
0x00007ffc45bd0000 - 0x00007ffc4600e000 	C:\WINDOWS\System32\DriverStore\FileRepository\iigd_dch.inf_amd64_46a183a099a0cf25\igdgmm64.dll
0x00007ffc41af0000 - 0x00007ffc45b44000 	C:\WINDOWS\System32\DriverStore\FileRepository\iigd_dch.inf_amd64_46a183a099a0cf25\igc64.dll
0x00007ffc10f00000 - 0x00007ffc1108d000 	C:\Users\79231\.jdks\openjdk-23.0.1\bin\awt.dll
0x00007ffc63500000 - 0x00007ffc63597000 	C:\WINDOWS\SYSTEM32\apphelp.dll
0x00007ffc1baa0000 - 0x00007ffc1bad2000 	C:\WINDOWS\SYSTEM32\DINPUT.DLL
0x00007ffc373f0000 - 0x00007ffc37604000 	C:\WINDOWS\SYSTEM32\inputhost.dll
0x00007ffc62ac0000 - 0x00007ffc62bf3000 	C:\WINDOWS\SYSTEM32\CoreMessaging.dll
0x00007ffc68dd0000 - 0x00007ffc68dde000 	C:\WINDOWS\SYSTEM32\HID.DLL
0x00007ffc6b9c0000 - 0x00007ffc6be34000 	C:\WINDOWS\System32\SETUPAPI.DLL
0x00007ffc6a150000 - 0x00007ffc6a17c000 	C:\WINDOWS\SYSTEM32\DEVOBJ.dll
0x00007ffc69cb0000 - 0x00007ffc69cbc000 	C:\WINDOWS\SYSTEM32\CRYPTBASE.DLL
0x00007ffc6a790000 - 0x00007ffc6a802000 	C:\WINDOWS\System32\WINTRUST.dll
0x00007ffc6ada0000 - 0x00007ffc6af06000 	C:\WINDOWS\System32\CRYPT32.dll
0x00007ffc69cf0000 - 0x00007ffc69d02000 	C:\WINDOWS\SYSTEM32\MSASN1.dll
0x00007ffc54c90000 - 0x00007ffc54dd5000 	C:\WINDOWS\SYSTEM32\textinputframework.dll
0x00007ffc48e40000 - 0x00007ffc491ad000 	C:\WINDOWS\SYSTEM32\CoreUIComponents.dll
0x00007ffc69c90000 - 0x00007ffc69cab000 	C:\WINDOWS\SYSTEM32\CRYPTSP.dll
0x00007ffc69520000 - 0x00007ffc69555000 	C:\WINDOWS\system32\rsaenh.dll
0x00007ffc69b30000 - 0x00007ffc69b58000 	C:\WINDOWS\SYSTEM32\USERENV.dll
0x00007ffc354a0000 - 0x00007ffc354b7000 	C:\WINDOWS\system32\napinsp.dll
0x00007ffc35430000 - 0x00007ffc3544b000 	C:\WINDOWS\system32\pnrpnsp.dll
0x00007ffc30df0000 - 0x00007ffc30e01000 	C:\WINDOWS\System32\winrnr.dll
0x00007ffc2bd60000 - 0x00007ffc2bd75000 	C:\WINDOWS\system32\wshbth.dll
0x00007ffc25580000 - 0x00007ffc255a7000 	C:\WINDOWS\system32\nlansp_c.dll
0x00007ffc5c030000 - 0x00007ffc5c080000 	C:\WINDOWS\SYSTEM32\pdh.dll
0x00007ffc37200000 - 0x00007ffc37211000 	C:\WINDOWS\System32\perfproc.dll

dbghelp: loaded successfully - version: 4.0.5 - missing functions: none
symbol engine: initialized successfully - sym options: 0x614 - pdb path: .;C:\Users\79231\.jdks\openjdk-23.0.1\bin;C:\WINDOWS\SYSTEM32;C:\WINDOWS\WinSxS\amd64_microsoft.windows.common-controls_6595b64144ccf1df_6.0.22621.4541_none_2710d1c57384c085;C:\Users\79231\.jdks\openjdk-23.0.1\bin\server;C:\Program Files\JetBrains\IntelliJ IDEA 2024.3.1.1\bin;C:\Users\79231\.jsfml\windows_x64;C:\WINDOWS\System32\DriverStore\FileRepository\iigd_dch.inf_amd64_46a183a099a0cf25

VM Arguments:
jvm_args: -javaagent:C:\Program Files\JetBrains\IntelliJ IDEA 2024.3.1.1\lib\idea_rt.jar=54315:C:\Program Files\JetBrains\IntelliJ IDEA 2024.3.1.1\bin -Dfile.encoding=UTF-8 -Dsun.stdout.encoding=UTF-8 -Dsun.stderr.encoding=UTF-8 
java_command: Main
java_class_path (initial): C:\Users\79231\IdeaProjects\pacman.0\out\production\pacman.0;C:\Users\79231\Downloads\jsfml-test-Dec02_2013\jsfml.jar;C:\Users\79231\Downloads\jsfml-test-Dec02_2013\jsfml-test.jar
Launcher Type: SUN_STANDARD

[Global flags]
     intx CICompilerCount                          = 4                                         {product} {ergonomic}
     uint ConcGCThreads                            = 2                                         {product} {ergonomic}
     uint G1ConcRefinementThreads                  = 8                                         {product} {ergonomic}
   size_t G1HeapRegionSize                         = 1048576                                   {product} {ergonomic}
   size_t InitialHeapSize                          = 130023424                                 {product} {ergonomic}
   size_t MarkStackSize                            = 4194304                                   {product} {ergonomic}
   size_t MarkStackSizeMax                         = 536870912                                 {product} {ergonomic}
   size_t MaxHeapSize                              = 2055208960                                {product} {ergonomic}
   size_t MaxNewSize                               = 1233125376                                {product} {ergonomic}
   size_t MinHeapDeltaBytes                        = 1048576                                   {product} {ergonomic}
   size_t MinHeapSize                              = 8388608                                   {product} {ergonomic}
    uintx NonNMethodCodeHeapSize                   = 5832704                                {pd product} {ergonomic}
    uintx NonProfiledCodeHeapSize                  = 122945536                              {pd product} {ergonomic}
    uintx ProfiledCodeHeapSize                     = 122880000                              {pd product} {ergonomic}
    uintx ReservedCodeCacheSize                    = 251658240                              {pd product} {ergonomic}
     bool SegmentedCodeCache                       = true                                      {product} {ergonomic}
   size_t SoftMaxHeapSize                          = 2055208960                             {manageable} {ergonomic}
     bool UseCompressedOops                        = true                           {product lp64_product} {ergonomic}
     bool UseG1GC                                  = true                                      {product} {ergonomic}
     bool UseLargePagesIndividualAllocation        = false                                  {pd product} {ergonomic}

Logging:
Log output configuration:
 #0: stdout all=warning uptime,level,tags foldmultilines=false
 #1: stderr all=off uptime,level,tags foldmultilines=false

Environment Variables:
PATH=C:\Desktop\Scripts\;C:\Desktop\;C:\Program Files (x86)\Python311-32\Scripts\;C:\Program Files (x86)\Python311-32\;C:\WINDOWS\system32;C:\WINDOWS;C:\WINDOWS\System32\Wbem;C:\WINDOWS\System32\WindowsPowerShell\v1.0\;C:\WINDOWS\System32\OpenSSH\;C:\Program Files\HP\HP One Agent;C:\Program Files\dotnet\;C:\Program Files (x86)\Windows Kits\10\Windows Performance Toolkit\;C:\Program Files\Git\cmd;C:\Desktop\Scripts\;C:\Desktop\;C:\Users\79231\AppData\Local\Programs\Python\Launcher\;C:\Users\79231\AppData\Local\Microsoft\WindowsApps;C:\Users\79231\AppData\Local\Programs\Microsoft VS Code\bin;C:\Users\79231\.dotnet\tools;C:\ProgramData\79231\GitHubDesktop\bin;C:\Users\79231\AppData\Local\GitHubDesktop\bin
USERNAME=79231
OS=Windows_NT
PROCESSOR_IDENTIFIER=Intel64 Family 6 Model 140 Stepping 1, GenuineIntel
TMP=C:\Users\79231\AppData\Local\Temp
TEMP=C:\Users\79231\AppData\Local\Temp




Periodic native trim disabled

---------------  S Y S T E M  ---------------

OS:
 Windows 11 , 64 bit Build 22621 (10.0.22621.4391)
OS uptime: 19 days 20:54 hours

CPU: total 8 (initial active 8) (4 cores per cpu, 2 threads per core) family 6 model 140 stepping 1 microcode 0xb4, cx8, cmov, fxsr, ht, mmx, 3dnowpref, sse, sse2, sse3, ssse3, sse4.1, sse4.2, popcnt, lzcnt, tsc, tscinvbit, avx, avx2, aes, erms, clmul, bmi1, bmi2, adx, avx512f, avx512dq, avx512cd, avx512bw, avx512vl, sha, fma, vzeroupper, avx512_vpopcntdq, avx512_vpclmulqdq, avx512_vaes, avx512_vnni, clflush, clflushopt, clwb, avx512_vbmi2, avx512_vbmi, rdtscp, rdpid, fsrm, gfni, avx512_bitalg, f16c, pku, cet_ibt, cet_ss, avx512_ifma
Processor Information for processor 0
  Max Mhz: 2001, Current Mhz: 2001, Mhz Limit: 2001
Processor Information for processor 1
  Max Mhz: 2001, Current Mhz: 2001, Mhz Limit: 2001
Processor Information for processor 2
  Max Mhz: 2001, Current Mhz: 2001, Mhz Limit: 2001
Processor Information for processor 3
  Max Mhz: 2001, Current Mhz: 2001, Mhz Limit: 2001
Processor Information for processor 4
  Max Mhz: 2001, Current Mhz: 1200, Mhz Limit: 2001
Processor Information for processor 5
  Max Mhz: 2001, Current Mhz: 2001, Mhz Limit: 2001
Processor Information for processor 6
  Max Mhz: 2001, Current Mhz: 2001, Mhz Limit: 2001
Processor Information for processor 7
  Max Mhz: 2001, Current Mhz: 1200, Mhz Limit: 2001

Memory: 4k page, system-wide physical 7834M (3545M free)
TotalPageFile size 31386M (AvailPageFile size 5462M)
current process WorkingSet (physical memory assigned to process): 33M, peak: 851M
current process commit charge ("private bytes"): 770M, peak: 4058M

vm_info: OpenJDK 64-Bit Server VM (23.0.1+11-39) for windows-amd64 JRE (23.0.1+11-39), built on 2024-09-30T07:20:43Z with MS VC++ 17.6 (VS2022)

END.
